[debug] [2020-07-14T19:53:47.952Z] ----------------------------------------------------------------------
[debug] [2020-07-14T19:53:47.953Z] Command:       /Users/miriamhanle/.nvm/versions/node/v12.18.0/bin/node /Users/miriamhanle/.nvm/versions/node/v12.18.0/bin/firebase emulators:start
[debug] [2020-07-14T19:53:47.954Z] CLI Version:   8.4.3
[debug] [2020-07-14T19:53:47.954Z] Platform:      darwin
[debug] [2020-07-14T19:53:47.954Z] Node Version:  v12.18.0
[debug] [2020-07-14T19:53:47.960Z] Time:          Tue Jul 14 2020 21:53:47 GMT+0200 (Central European Summer Time)
[debug] [2020-07-14T19:53:47.960Z] ----------------------------------------------------------------------
[debug] [2020-07-14T19:53:47.960Z] 
[debug] [2020-07-14T19:53:47.969Z] > command requires scopes: ["email","openid","https://www.googleapis.com/auth/cloudplatformprojects.readonly","https://www.googleapis.com/auth/firebase","https://www.googleapis.com/auth/cloud-platform"]
[debug] [2020-07-14T19:53:47.969Z] > authorizing via signed-in user
[info] i  emulators: Starting emulators: functions, firestore, hosting {"metadata":{"emulator":{"name":"hub"},"message":"Starting emulators: functions, firestore, hosting"}}
[debug] [2020-07-14T19:53:47.994Z] [hub] writing locator at /var/folders/4v/hp6_sg3s4534p31m5v23w2c40000gp/T/hub-capstone-project-c74dc.json
[warn] ⚠  Your requested "node" version "8" doesn't match your global version "12" {"metadata":{"emulator":{"name":"functions"},"message":"Your requested \"node\" version \"8\" doesn't match your global version \"12\""}}
[debug] [2020-07-14T19:53:48.028Z] Ignoring unsupported arg: projectId {"metadata":{"emulator":{"name":"firestore"},"message":"Ignoring unsupported arg: projectId"}}
[debug] [2020-07-14T19:53:48.029Z] Ignoring unsupported arg: auto_download {"metadata":{"emulator":{"name":"firestore"},"message":"Ignoring unsupported arg: auto_download"}}
[debug] [2020-07-14T19:53:48.029Z] Starting Firestore Emulator with command {"binary":"java","args":["-Duser.language=en","-jar","/Users/miriamhanle/.cache/firebase/emulators/cloud-firestore-emulator-v1.11.4.jar","--host","localhost","--port",8080,"--rules","/Users/miriamhanle/neuefische/capstone-project/firestore.rules","--functions_emulator","localhost:5001"],"optionalArgs":["port","webchannel_port","host","rules","functions_emulator","seed_from_export"],"joinArgs":false} {"metadata":{"emulator":{"name":"firestore"},"message":"Starting Firestore Emulator with command {\"binary\":\"java\",\"args\":[\"-Duser.language=en\",\"-jar\",\"/Users/miriamhanle/.cache/firebase/emulators/cloud-firestore-emulator-v1.11.4.jar\",\"--host\",\"localhost\",\"--port\",8080,\"--rules\",\"/Users/miriamhanle/neuefische/capstone-project/firestore.rules\",\"--functions_emulator\",\"localhost:5001\"],\"optionalArgs\":[\"port\",\"webchannel_port\",\"host\",\"rules\",\"functions_emulator\",\"seed_from_export\"],\"joinArgs\":false}"}}
[info] i  firestore: Firestore Emulator logging to firestore-debug.log {"metadata":{"emulator":{"name":"firestore"},"message":"Firestore Emulator logging to \u001b[1mfirestore-debug.log\u001b[22m"}}
[debug] [2020-07-14T19:53:50.231Z] API endpoint: http://localhost: {"metadata":{"emulator":{"name":"firestore"},"message":"API endpoint: http://localhost:"}}
[debug] [2020-07-14T19:53:50.234Z] 8080
If you are using a library that supports the FIRESTORE_EMULATOR_HOST environment variable, run:

   export FIRESTORE_EMULATOR_HOST=localhost:8080

Dev App Server is now running.

 {"metadata":{"emulator":{"name":"firestore"},"message":"8080\nIf you are using a library that supports the FIRESTORE_EMULATOR_HOST environment variable, run:\n\n   export FIRESTORE_EMULATOR_HOST=localhost:8080\n\nDev App Server is now running.\n\n"}}
[debug] [2020-07-14T19:53:50.365Z] > refreshing access token with scopes: ["email","https://www.googleapis.com/auth/cloud-platform","https://www.googleapis.com/auth/cloudplatformprojects.readonly","https://www.googleapis.com/auth/firebase","openid"]
[debug] [2020-07-14T19:53:50.366Z] >>> HTTP REQUEST POST https://www.googleapis.com/oauth2/v3/token  
 <request body omitted>
[debug] [2020-07-14T19:53:50.484Z] <<< HTTP RESPONSE 200 {"content-type":"application/json; charset=utf-8","vary":"X-Origin, Referer, Origin,Accept-Encoding","date":"Tue, 14 Jul 2020 19:53:50 GMT","server":"scaffolding on HTTPServer2","cache-control":"private","x-xss-protection":"0","x-frame-options":"SAMEORIGIN","x-content-type-options":"nosniff","alt-svc":"h3-29=\":443\"; ma=2592000,h3-27=\":443\"; ma=2592000,h3-25=\":443\"; ma=2592000,h3-T050=\":443\"; ma=2592000,h3-Q050=\":443\"; ma=2592000,h3-Q046=\":443\"; ma=2592000,h3-Q043=\":443\"; ma=2592000,quic=\":443\"; ma=2592000; v=\"46,43\"","accept-ranges":"none","transfer-encoding":"chunked"}
[debug] [2020-07-14T19:53:50.575Z] >>> HTTP REQUEST GET https://firebase.googleapis.com/v1beta1/projects/capstone-project-c74dc/webApps/-/config  
 
[debug] [2020-07-14T19:53:51.359Z] <<< HTTP RESPONSE 200 {"content-type":"application/json; charset=UTF-8","vary":"X-Origin, Referer, Origin,Accept-Encoding","date":"Tue, 14 Jul 2020 19:53:51 GMT","server":"ESF","cache-control":"private","x-xss-protection":"0","x-frame-options":"SAMEORIGIN","x-content-type-options":"nosniff","alt-svc":"h3-29=\":443\"; ma=2592000,h3-27=\":443\"; ma=2592000,h3-25=\":443\"; ma=2592000,h3-T050=\":443\"; ma=2592000,h3-Q050=\":443\"; ma=2592000,h3-Q046=\":443\"; ma=2592000,h3-Q043=\":443\"; ma=2592000,quic=\":443\"; ma=2592000; v=\"46,43\"","accept-ranges":"none","transfer-encoding":"chunked"}
[info] i  hosting: Serving hosting files from: build {"metadata":{"emulator":{"name":"hosting"},"message":"Serving hosting files from: \u001b[1mbuild\u001b[22m"}}
[info] ✔  hosting: Local server: http://localhost:5000 {"metadata":{"emulator":{"name":"hosting"},"message":"Local server: \u001b[4m\u001b[1mhttp://localhost:5000\u001b[22m\u001b[24m"}}
[debug] [2020-07-14T19:53:51.793Z] Ignoring unsupported arg: auto_download {"metadata":{"emulator":{"name":"ui"},"message":"Ignoring unsupported arg: auto_download"}}
[debug] [2020-07-14T19:53:51.793Z] Ignoring unsupported arg: port {"metadata":{"emulator":{"name":"ui"},"message":"Ignoring unsupported arg: port"}}
[debug] [2020-07-14T19:53:51.793Z] Starting Emulator UI with command {"binary":"node","args":["/Users/miriamhanle/.cache/firebase/emulators/ui-v1.1.0/server.bundle.js"],"optionalArgs":[],"joinArgs":false} {"metadata":{"emulator":{"name":"ui"},"message":"Starting Emulator UI with command {\"binary\":\"node\",\"args\":[\"/Users/miriamhanle/.cache/firebase/emulators/ui-v1.1.0/server.bundle.js\"],\"optionalArgs\":[],\"joinArgs\":false}"}}
[info] i  ui: Emulator UI logging to ui-debug.log {"metadata":{"emulator":{"name":"ui"},"message":"Emulator UI logging to \u001b[1mui-debug.log\u001b[22m"}}
[debug] [2020-07-14T19:53:51.879Z] Web / API server started at http://localhost:5556
 {"metadata":{"emulator":{"name":"ui"},"message":"Web / API server started at http://localhost:5556\n"}}
[info] i  functions: Watching "/Users/miriamhanle/neuefische/capstone-project/functions" for Cloud Functions... {"metadata":{"emulator":{"name":"functions"},"message":"Watching \"/Users/miriamhanle/neuefische/capstone-project/functions\" for Cloud Functions..."}}
[debug] [2020-07-14T19:53:52.068Z] [worker-pool] addWorker(~diagnostic~) {"metadata":{"emulator":{"name":"functions"},"message":"[worker-pool] addWorker(~diagnostic~)"}}
[debug] [2020-07-14T19:53:52.068Z] [worker-pool] Adding worker with key ~diagnostic~, total=1 {"metadata":{"emulator":{"name":"functions"},"message":"[worker-pool] Adding worker with key ~diagnostic~, total=1"}}
[debug] [2020-07-14T19:53:52.068Z] [worker-pool] submitWork(triggerId=) {"metadata":{"emulator":{"name":"functions"},"message":"[worker-pool] submitWork(triggerId=)"}}
[debug] [2020-07-14T19:53:52.069Z] [worker-~diagnostic~-f3e91d4d-5f01-4e14-83c9-51f9103d8f70]: Assigning socketPath: /var/folders/4v/hp6_sg3s4534p31m5v23w2c40000gp/T/fire_emu_86830.sock {"metadata":{"emulator":{"name":"functions"},"message":"[worker-~diagnostic~-f3e91d4d-5f01-4e14-83c9-51f9103d8f70]: Assigning socketPath: /var/folders/4v/hp6_sg3s4534p31m5v23w2c40000gp/T/fire_emu_86830.sock"}}
[debug] [2020-07-14T19:53:52.069Z] [worker-~diagnostic~-f3e91d4d-5f01-4e14-83c9-51f9103d8f70]: BUSY {"metadata":{"emulator":{"name":"functions"},"message":"[worker-~diagnostic~-f3e91d4d-5f01-4e14-83c9-51f9103d8f70]: BUSY"}}
[debug] [2020-07-14T19:53:52.289Z] [runtime-status] [86830] Functions runtime initialized. {"cwd":"/Users/miriamhanle/neuefische/capstone-project/functions","node_version":"12.18.0"} {"metadata":{"emulator":{"name":"functions"},"message":"[runtime-status] [86830] Functions runtime initialized. {\"cwd\":\"/Users/miriamhanle/neuefische/capstone-project/functions\",\"node_version\":\"12.18.0\"}"}}
[debug] [2020-07-14T19:53:52.290Z] [runtime-status] [86830] Disabled runtime features: undefined {"metadata":{"emulator":{"name":"functions"},"message":"[runtime-status] [86830] Disabled runtime features: undefined"}}
[debug] [2020-07-14T19:53:52.293Z] [runtime-status] [86830] Resolved module firebase-admin {"declared":true,"installed":true,"version":"8.13.0","resolution":"/Users/miriamhanle/neuefische/capstone-project/functions/node_modules/firebase-admin/lib/index.js"} {"metadata":{"emulator":{"name":"functions"},"message":"[runtime-status] [86830] Resolved module firebase-admin {\"declared\":true,\"installed\":true,\"version\":\"8.13.0\",\"resolution\":\"/Users/miriamhanle/neuefische/capstone-project/functions/node_modules/firebase-admin/lib/index.js\"}"}}
[debug] [2020-07-14T19:53:52.296Z] [runtime-status] [86830] Resolved module firebase-functions {"declared":true,"installed":true,"version":"3.7.0","resolution":"/Users/miriamhanle/neuefische/capstone-project/functions/node_modules/firebase-functions/lib/index.js"} {"metadata":{"emulator":{"name":"functions"},"message":"[runtime-status] [86830] Resolved module firebase-functions {\"declared\":true,\"installed\":true,\"version\":\"3.7.0\",\"resolution\":\"/Users/miriamhanle/neuefische/capstone-project/functions/node_modules/firebase-functions/lib/index.js\"}"}}
[debug] [2020-07-14T19:53:52.299Z] [runtime-status] [86830] Outgoing network have been stubbed. [{"name":"http","status":"mocked"},{"name":"http","status":"mocked"},{"name":"https","status":"mocked"},{"name":"https","status":"mocked"},{"name":"net","status":"mocked"}] {"metadata":{"emulator":{"name":"functions"},"message":"[runtime-status] [86830] Outgoing network have been stubbed. [{\"name\":\"http\",\"status\":\"mocked\"},{\"name\":\"http\",\"status\":\"mocked\"},{\"name\":\"https\",\"status\":\"mocked\"},{\"name\":\"https\",\"status\":\"mocked\"},{\"name\":\"net\",\"status\":\"mocked\"}]"}}
[debug] [2020-07-14T19:53:52.299Z] [runtime-status] [86830] Resolved module firebase-functions {"declared":true,"installed":true,"version":"3.7.0","resolution":"/Users/miriamhanle/neuefische/capstone-project/functions/node_modules/firebase-functions/lib/index.js"} {"metadata":{"emulator":{"name":"functions"},"message":"[runtime-status] [86830] Resolved module firebase-functions {\"declared\":true,\"installed\":true,\"version\":\"3.7.0\",\"resolution\":\"/Users/miriamhanle/neuefische/capstone-project/functions/node_modules/firebase-functions/lib/index.js\"}"}}
[debug] [2020-07-14T19:53:52.358Z] [runtime-status] [86830] Checked functions.config() {"config":{}} {"metadata":{"emulator":{"name":"functions"},"message":"[runtime-status] [86830] Checked functions.config() {\"config\":{}}"}}
[debug] [2020-07-14T19:53:52.358Z] [runtime-status] [86830] firebase-functions has been stubbed. {"functionsResolution":{"declared":true,"installed":true,"version":"3.7.0","resolution":"/Users/miriamhanle/neuefische/capstone-project/functions/node_modules/firebase-functions/lib/index.js"}} {"metadata":{"emulator":{"name":"functions"},"message":"[runtime-status] [86830] firebase-functions has been stubbed. {\"functionsResolution\":{\"declared\":true,\"installed\":true,\"version\":\"3.7.0\",\"resolution\":\"/Users/miriamhanle/neuefische/capstone-project/functions/node_modules/firebase-functions/lib/index.js\"}}"}}
[debug] [2020-07-14T19:53:52.358Z] [runtime-status] [86830] Resolved module firebase-functions {"declared":true,"installed":true,"version":"3.7.0","resolution":"/Users/miriamhanle/neuefische/capstone-project/functions/node_modules/firebase-functions/lib/index.js"} {"metadata":{"emulator":{"name":"functions"},"message":"[runtime-status] [86830] Resolved module firebase-functions {\"declared\":true,\"installed\":true,\"version\":\"3.7.0\",\"resolution\":\"/Users/miriamhanle/neuefische/capstone-project/functions/node_modules/firebase-functions/lib/index.js\"}"}}
[debug] [2020-07-14T19:53:52.359Z] [runtime-status] [86830] Resolved module firebase-admin {"declared":true,"installed":true,"version":"8.13.0","resolution":"/Users/miriamhanle/neuefische/capstone-project/functions/node_modules/firebase-admin/lib/index.js"} {"metadata":{"emulator":{"name":"functions"},"message":"[runtime-status] [86830] Resolved module firebase-admin {\"declared\":true,\"installed\":true,\"version\":\"8.13.0\",\"resolution\":\"/Users/miriamhanle/neuefische/capstone-project/functions/node_modules/firebase-admin/lib/index.js\"}"}}
[debug] [2020-07-14T19:53:52.359Z] [runtime-status] [86830] Resolved module firebase-functions {"declared":true,"installed":true,"version":"3.7.0","resolution":"/Users/miriamhanle/neuefische/capstone-project/functions/node_modules/firebase-functions/lib/index.js"} {"metadata":{"emulator":{"name":"functions"},"message":"[runtime-status] [86830] Resolved module firebase-functions {\"declared\":true,\"installed\":true,\"version\":\"3.7.0\",\"resolution\":\"/Users/miriamhanle/neuefische/capstone-project/functions/node_modules/firebase-functions/lib/index.js\"}"}}
[debug] [2020-07-14T19:53:52.359Z] [runtime-status] [86830] firebase-admin has been stubbed. {"adminResolution":{"declared":true,"installed":true,"version":"8.13.0","resolution":"/Users/miriamhanle/neuefische/capstone-project/functions/node_modules/firebase-admin/lib/index.js"}} {"metadata":{"emulator":{"name":"functions"},"message":"[runtime-status] [86830] firebase-admin has been stubbed. {\"adminResolution\":{\"declared\":true,\"installed\":true,\"version\":\"8.13.0\",\"resolution\":\"/Users/miriamhanle/neuefische/capstone-project/functions/node_modules/firebase-admin/lib/index.js\"}}"}}
[debug] [2020-07-14T19:53:52.530Z] [runtime-status] [86830] initializeApp(DEFAULT) {"databaseURL":"https://capstone-project-c74dc.firebaseio.com","storageBucket":"capstone-project-c74dc.appspot.com","projectId":"capstone-project-c74dc"} {"metadata":{"emulator":{"name":"functions"},"message":"[runtime-status] [86830] initializeApp(DEFAULT) {\"databaseURL\":\"https://capstone-project-c74dc.firebaseio.com\",\"storageBucket\":\"capstone-project-c74dc.appspot.com\",\"projectId\":\"capstone-project-c74dc\"}"}}
[info] ✔  functions[app]: http function initialized (http://localhost:5001/capstone-project-c74dc/europe-west3/app). {"metadata":{"emulator":{"name":"functions"},"message":"\u001b[1mhttp\u001b[22m function initialized (http://localhost:5001/capstone-project-c74dc/europe-west3/app)."}}
[info] 
┌───────────────────────────────────────────────────────────────────────┐
│ ✔  All emulators ready! View status and logs at http://localhost:5556 │
└───────────────────────────────────────────────────────────────────────┘

┌───────────┬────────────────┬─────────────────────────────────┐
│ Emulator  │ Host:Port      │ View in Emulator UI             │
├───────────┼────────────────┼─────────────────────────────────┤
│ Functions │ localhost:5001 │ http://localhost:5556/functions │
├───────────┼────────────────┼─────────────────────────────────┤
│ Firestore │ localhost:8080 │ http://localhost:5556/firestore │
├───────────┼────────────────┼─────────────────────────────────┤
│ Hosting   │ localhost:5000 │ n/a                             │
└───────────┴────────────────┴─────────────────────────────────┘
  Other reserved ports: 4400, 4500

Issues? Report them at https://github.com/firebase/firebase-tools/issues and attach the *-debug.log files.
 
[debug] [2020-07-14T19:53:52.539Z] [worker-~diagnostic~-f3e91d4d-5f01-4e14-83c9-51f9103d8f70]: IDLE {"metadata":{"emulator":{"name":"functions"},"message":"[worker-~diagnostic~-f3e91d4d-5f01-4e14-83c9-51f9103d8f70]: IDLE"}}
